<?xml version="1.0" encoding="UTF-8"?>
<!-- Generated by org.testng.reporters.JUnitXMLReporter -->
<testsuite ignored="0" hostname="Rishabh-Patel" failures="0" tests="7" name="mytest" time="25.862" errors="0" timestamp="2024-08-12T12:27:52 IST">
  <testcase classname="TestNG.OpenHRMDemo" name="tearup" time="12.044"/>
  <testcase classname="TestNG.OpenHRMDemo" name="logo" time="3.028"/>
  <testcase classname="TestNG.OpenHRMDemo" name="Login" time="10.747"/>
  <testcase classname="TestNG.OpenHRMDemo" name="teardown" time="0.001"/>
  <testcase classname="TestNG.first_Test" name="OpenURL" time="0.003"/>
  <testcase classname="TestNG.first_Test" name="Login" time="0.001"/>
  <testcase classname="TestNG.first_Test" name="Logout" time="0.001"/>
</testsuite> <!-- mytest -->
