<?xml version="1.0" encoding="UTF-8"?>
<!-- Generated by org.testng.reporters.JUnitXMLReporter -->
<testsuite ignored="0" hostname="Rishabh-Patel" failures="0" tests="7" name="mytest" time="49.081" errors="0" timestamp="2024-08-07T11:28:04 IST">
  <testcase classname="TestNG.OpenHRMDemo" name="tearup" time="26.985"/>
  <testcase classname="TestNG.OpenHRMDemo" name="logo" time="3.047"/>
  <testcase classname="TestNG.OpenHRMDemo" name="Login" time="19.007"/>
  <testcase classname="TestNG.OpenHRMDemo" name="teardown" time="0.002"/>
  <testcase classname="TestNG.first_Test" name="OpenURL" time="0.001"/>
  <testcase classname="TestNG.first_Test" name="Login" time="0.001"/>
  <testcase classname="TestNG.first_Test" name="Logout" time="0.002"/>
</testsuite> <!-- mytest -->
