<?xml version="1.0" encoding="UTF-8"?>
<!-- Generated by org.testng.reporters.JUnitXMLReporter -->
<testsuite ignored="0" hostname="Rishabh-Patel" failures="0" tests="7" name="mytest" time="19.686" errors="0" timestamp="2024-08-12T12:29:01 IST">
  <testcase classname="TestNG.OpenHRMDemo" name="tearup" time="6.231"/>
  <testcase classname="TestNG.OpenHRMDemo" name="logo" time="3.038"/>
  <testcase classname="TestNG.OpenHRMDemo" name="Login" time="10.387"/>
  <testcase classname="TestNG.OpenHRMDemo" name="teardown" time="0.0"/>
  <testcase classname="TestNG.first_Test" name="OpenURL" time="0.0"/>
  <testcase classname="TestNG.first_Test" name="Login" time="0.0"/>
  <testcase classname="TestNG.first_Test" name="Logout" time="0.0"/>
</testsuite> <!-- mytest -->
