<?xml version="1.0" encoding="UTF-8"?>
<testng-results ignored="0" total="7" passed="7" failed="0" skipped="0">
  <reporter-output>
  </reporter-output>
  <suite started-at="2024-08-12T12:28:42 IST" name="mysuite" finished-at="2024-08-12T12:29:01 IST" duration-ms="19686">
    <groups>
    </groups>
    <test started-at="2024-08-12T12:28:42 IST" name="mytest" finished-at="2024-08-12T12:29:01 IST" duration-ms="19686">
      <class name="TestNG.OpenHRMDemo">
        <test-method signature="tearup()[pri:1, instance:TestNG.OpenHRMDemo@dbf57b3]" started-at="2024-08-12T12:28:42 IST" name="tearup" finished-at="2024-08-12T12:28:48 IST" duration-ms="6231" status="PASS">
          <reporter-output>
          </reporter-output>
        </test-method> <!-- tearup -->
        <test-method signature="logo()[pri:2, instance:TestNG.OpenHRMDemo@dbf57b3]" started-at="2024-08-12T12:28:48 IST" name="logo" finished-at="2024-08-12T12:28:51 IST" duration-ms="3038" status="PASS">
          <reporter-output>
          </reporter-output>
        </test-method> <!-- logo -->
        <test-method signature="Login()[pri:3, instance:TestNG.OpenHRMDemo@dbf57b3]" started-at="2024-08-12T12:28:51 IST" name="Login" finished-at="2024-08-12T12:29:01 IST" duration-ms="10387" status="PASS">
          <reporter-output>
          </reporter-output>
        </test-method> <!-- Login -->
        <test-method signature="teardown()[pri:4, instance:TestNG.OpenHRMDemo@dbf57b3]" started-at="2024-08-12T12:29:01 IST" name="teardown" finished-at="2024-08-12T12:29:01 IST" duration-ms="0" status="PASS">
          <reporter-output>
          </reporter-output>
        </test-method> <!-- teardown -->
      </class> <!-- TestNG.OpenHRMDemo -->
      <class name="TestNG.first_Test">
        <test-method signature="Login()[pri:2, instance:TestNG.first_Test@14dd9eb7]" started-at="2024-08-12T12:29:01 IST" name="Login" finished-at="2024-08-12T12:29:01 IST" duration-ms="0" status="PASS">
          <reporter-output>
          </reporter-output>
        </test-method> <!-- Login -->
        <test-method signature="Logout()[pri:3, instance:TestNG.first_Test@14dd9eb7]" started-at="2024-08-12T12:29:01 IST" name="Logout" finished-at="2024-08-12T12:29:01 IST" duration-ms="0" status="PASS">
          <reporter-output>
          </reporter-output>
        </test-method> <!-- Logout -->
        <test-method signature="OpenURL()[pri:1, instance:TestNG.first_Test@14dd9eb7]" started-at="2024-08-12T12:29:01 IST" name="OpenURL" finished-at="2024-08-12T12:29:01 IST" duration-ms="0" status="PASS">
          <reporter-output>
          </reporter-output>
        </test-method> <!-- OpenURL -->
      </class> <!-- TestNG.first_Test -->
    </test> <!-- mytest -->
  </suite> <!-- mysuite -->
</testng-results>
