<?xml version="1.0" encoding="UTF-8"?>
<testsuite xmlns:xsi="http://www.w3.org/2001/XMLSchema-instance" xsi:noNamespaceSchemaLocation="https://maven.apache.org/surefire/maven-surefire-plugin/xsd/surefire-test-report.xsd" version="3.0.2" name="TestSuite" time="20.179" tests="7" errors="0" skipped="0" failures="0">
  <properties>
[...]
</properties>
  <testcase name="tearup" classname="TestNG.OpenHRMDemo" time="6.231">
    <system-err><![CDATA[SLF4J: Failed to load class "org.slf4j.impl.StaticLoggerBinder".
SLF4J: Defaulting to no-operation (NOP) logger implementation
SLF4J: See http://www.slf4j.org/codes.html#StaticLoggerBinder for further details.
]]></system-err>
  </testcase>
  <testcase name="logo" classname="TestNG.OpenHRMDemo" time="3.038">
    <system-out><![CDATA[The logo is Displayed
]]></system-out>
  </testcase>
  <testcase name="Login" classname="TestNG.OpenHRMDemo" time="10.387"/>
  <testcase name="teardown" classname="TestNG.OpenHRMDemo" time="0.0"/>
  <testcase name="OpenURL" classname="TestNG.first_Test" time="0.0">
    <system-out><![CDATA[This is a Open url
]]></system-out>
  </testcase>
  <testcase name="Login" classname="TestNG.first_Test" time="0.0">
    <system-out><![CDATA[This is a Login
]]></system-out>
  </testcase>
  <testcase name="Logout" classname="TestNG.first_Test" time="0.0">
    <system-out><![CDATA[This is a Logout
]]></system-out>
  </testcase>
</testsuite>