<?xml version="1.0" encoding="UTF-8"?>
<testng-results ignored="0" total="7" passed="7" failed="0" skipped="0">
  <reporter-output>
  </reporter-output>
  <suite started-at="2024-08-07T11:27:15 IST" name="mysuite" finished-at="2024-08-07T11:28:04 IST" duration-ms="49081">
    <groups>
    </groups>
    <test started-at="2024-08-07T11:27:15 IST" name="mytest" finished-at="2024-08-07T11:28:04 IST" duration-ms="49081">
      <class name="TestNG.OpenHRMDemo">
        <test-method signature="tearup()[pri:1, instance:TestNG.OpenHRMDemo@32eff876]" started-at="2024-08-07T11:27:15 IST" name="tearup" finished-at="2024-08-07T11:27:42 IST" duration-ms="26985" status="PASS">
          <reporter-output>
          </reporter-output>
        </test-method> <!-- tearup -->
        <test-method signature="logo()[pri:2, instance:TestNG.OpenHRMDemo@32eff876]" started-at="2024-08-07T11:27:42 IST" name="logo" finished-at="2024-08-07T11:27:45 IST" duration-ms="3047" status="PASS">
          <reporter-output>
          </reporter-output>
        </test-method> <!-- logo -->
        <test-method signature="Login()[pri:3, instance:TestNG.OpenHRMDemo@32eff876]" started-at="2024-08-07T11:27:45 IST" name="Login" finished-at="2024-08-07T11:28:04 IST" duration-ms="19007" status="PASS">
          <reporter-output>
          </reporter-output>
        </test-method> <!-- Login -->
        <test-method signature="teardown()[pri:4, instance:TestNG.OpenHRMDemo@32eff876]" started-at="2024-08-07T11:28:04 IST" name="teardown" finished-at="2024-08-07T11:28:04 IST" duration-ms="2" status="PASS">
          <reporter-output>
          </reporter-output>
        </test-method> <!-- teardown -->
      </class> <!-- TestNG.OpenHRMDemo -->
      <class name="TestNG.first_Test">
        <test-method signature="OpenURL()[pri:1, instance:TestNG.first_Test@661972b0]" started-at="2024-08-07T11:28:04 IST" name="OpenURL" finished-at="2024-08-07T11:28:04 IST" duration-ms="1" status="PASS">
          <reporter-output>
          </reporter-output>
        </test-method> <!-- OpenURL -->
        <test-method signature="Login()[pri:2, instance:TestNG.first_Test@661972b0]" started-at="2024-08-07T11:28:04 IST" name="Login" finished-at="2024-08-07T11:28:04 IST" duration-ms="1" status="PASS">
          <reporter-output>
          </reporter-output>
        </test-method> <!-- Login -->
        <test-method signature="Logout()[pri:3, instance:TestNG.first_Test@661972b0]" started-at="2024-08-07T11:28:04 IST" name="Logout" finished-at="2024-08-07T11:28:04 IST" duration-ms="2" status="PASS">
          <reporter-output>
          </reporter-output>
        </test-method> <!-- Logout -->
      </class> <!-- TestNG.first_Test -->
    </test> <!-- mytest -->
  </suite> <!-- mysuite -->
</testng-results>
